1 5.56712 5.56712 5.56712
2 10.929 10.9292 10.929
3 15.8243 15.8211 15.8474
4 20.7105 20.6783 20.7105
5 25.1459 25.049 25.0007
6 29.4331 28.8687 29.3656
7 33.2904 31.9966 31.0183
8 36.9577 36.2617 35.2486
9 40.4093 39.7525 39.6262
10 43.8014 43.3677 42.02
1 5.56712 5.56712 5.56048
2 10.929 10.929 10.7113
3 15.8243 15.5528 15.8243
4 20.7105 20.6066 20.6462
5 25.1459 25.1146 24.5652
6 29.4331 28.6291 29.1874
7 33.2904 32.3296 32.7818
8 36.9577 36.7382 35.8322
9 40.4093 39.7525 37.6116
10 43.8014 42.5788 41.7104
1 5.56712 5.56712 5.56712
2 10.929 10.9292 10.929
3 15.8243 15.7793 15.8243
4 20.7105 20.7105 20.6869
5 25.1459 25.0265 24.5408
6 29.4331 28.7825 28.8
7 33.2904 32.1516 31.4349
8 36.9577 35.602 35.5692
9 40.4093 38.5754 38.838
10 43.8014 41.8437 41.2852
1 5.56712 5.56712 5.56712
2 10.929 10.9292 10.929
3 15.8243 15.7801 15.8491
4 20.7105 20.6066 20.7105
5 25.1459 25.0737 25.0786
6 29.4331 29.3072 28.8512
7 33.2904 33.0557 32.2447
8 36.9577 35.7348 35.4579
9 40.4093 39.3462 36.3972
10 43.8014 41.9547 42.2307
1 5.56712 5.56712 5.56712
2 10.929 10.929 10.929
3 15.8243 15.8243 15.8243
4 20.7105 20.6783 20.6783
5 25.1459 24.5125 25.1256
6 29.4331 28.6009 28.8512
7 33.2904 32.7444 30.8834
8 36.9577 35.6487 34.53
9 40.4093 39.6133 39.0312
10 43.8014 43.5615 41.7702
1 5.56712 5.56712 5.56712
2 10.929 10.9292 10.929
3 15.8243 15.8243 15.8491
4 20.7105 20.6424 20.1725
5 25.1459 25.0127 24.8943
6 29.4331 28.9887 28.6671
7 33.2904 32.545 32.7422
8 36.9577 35.3605 34.8952
9 40.4093 39.5418 38.4774
10 43.8014 41.5038 41.0058
1 5.56712 5.56712 5.55987
2 10.929 10.9292 10.928
3 15.8243 15.8205 15.8474
4 20.7105 20.59 20.6173
5 25.1459 24.4963 24.4835
6 29.4331 28.9112 29.0037
7 33.2904 32.8862 32.2589
8 36.9577 36.0372 34.3333
9 40.4093 38.8036 39.3769
10 43.8014 42.7835 42.8452
1 5.56712 5.56712 5.56048
2 10.929 10.929 10.9292
3 15.8243 15.7937 15.776
4 20.7105 20.6212 20.6869
5 25.1459 25.0633 25.0828
6 29.4331 28.8522 29.3257
7 33.2904 32.3912 32.6548
8 36.9577 34.7007 33.7433
9 40.4093 39.2924 39.4056
10 43.8014 42.5984 41.8044
1 5.56712 5.56712 5.56048
2 10.929 10.929 10.9314
3 15.8243 15.8243 15.8243
4 20.7105 20.6869 20.5991
5 25.1459 24.6945 25.0954
6 29.4331 29.3652 28.8687
7 33.2904 32.8789 32.8469
8 36.9577 35.7648 34.9624
9 40.4093 39.3153 39.3124
10 43.8014 41.1669 41.3901
1 5.56712 5.56712 5.56048
2 10.929 10.9292 10.929
3 15.8243 15.8066 15.8205
4 20.7105 20.6783 20.6462
5 25.1459 24.5179 25.1156
6 29.4331 28.8935 29.0229
7 33.2904 32.9423 32.0643
8 36.9577 35.9283 32.8772
9 40.4093 38.9942 39.6186
10 43.8014 42.7024 41.3113
