1 3.52636 3.52636 3.52636
2 6.51026 6.51026 6.42972
3 9.08862 9.19665 9.03765
4 11.7564 11.5401 11.293
5 14.1071 14.0084 13.9168
6 16.395 16.0911 16.2873
7 18.5527 17.5649 17.3183
8 20.6935 20.1596 19.8148
9 22.8208 22.4522 21.1696
10 24.8559 24.5294 24.1617
1 3.52636 3.52636 3.52636
2 6.51026 6.38182 6.42972
3 9.08862 8.97512 9.08862
4 11.7564 11.1516 11.019
5 14.1071 13.9772 13.7423
6 16.395 15.6597 14.963
7 18.5527 17.6654 17.066
8 20.6935 20.3301 19.1522
9 22.8208 22.5201 21.035
10 24.8559 24.0855 23.1609
1 3.52636 3.52636 3.52636
2 6.51026 6.51026 6.32972
3 9.31055 8.9892 8.94846
4 11.7452 11.5117 11.7564
5 14.1507 13.6335 13.5393
6 16.395 15.4672 15.8309
7 18.5527 17.7768 16.2635
8 20.6935 20.0502 19.689
9 22.8208 21.3724 22.019
10 24.8559 23.4949 24.1851
1 3.52636 3.52636 3.52636
2 6.51026 6.36303 6.51026
3 9.31055 8.98944 8.93142
4 11.7564 11.2366 11.1536
5 14.1071 13.726 13.5244
6 16.395 16.2553 15.5939
7 18.5527 18.097 17.0151
8 20.6935 20.1185 19.7019
9 22.8208 22.3394 22.0628
10 24.8559 24.2586 24.1355
1 3.52636 3.52636 3.3322
2 6.51026 6.51026 6.42972
3 9.08862 8.98944 9.03765
4 11.7564 11.5293 11.6269
5 14.1071 12.9599 13.766
6 16.395 15.515 15.6808
7 18.5527 18.13 16.993
