1 9.29032 9.29032 9.29032
2 14.1276 14.1276 14.5444
3 15.4302 15.4301 15.6252
4 16.0616 16.1612 16.3218
5 16.5993 16.6301 16.727
6 16.9799 17.1342 17.1284
7 17.3262 17.4207 17.348
8 17.6005 17.7038 17.7064
9 17.8569 17.8723 17.9296
10 18.0716 18.1518 18.1528
1 9.29032 9.29032 9.29032
2 14.1276 14.5435 14.9392
3 15.4302 15.6281 15.4864
4 16.0616 16.0598 16.3215
5 16.5993 16.6328 16.7299
6 16.9799 17.0289 17.0315
7 17.3262 17.4207 17.4172
8 17.6005 17.7058 17.7059
9 17.8569 17.8482 17.928
10 18.0716 18.1522 18.1526
1 9.29032 9.29032 9.26963
2 14.1276 14.1276 14.9285
3 15.4302 15.427 15.4294
4 16.0616 16.3238 16.3242
5 16.5993 16.7239 16.7297
6 16.9799 16.9775 17.1305
7 17.3262 17.4202 17.4189
8 17.6005 17.7066 17.7047
9 17.8569 17.849 17.9317
10 18.0716 18.0581 18.1516
1 9.29032 9.29032 9.29032
2 14.1276 14.1266 14.9353
3 15.4302 15.629 15.6312
4 16.0616 16.1616 16.3233
5 16.5993 16.724 16.7277
6 16.9799 17.1282 17.1351
7 17.3262 17.4218 17.4177
8 17.6005 17.7068 17.7077
9 17.8569 17.8483 17.8526
10 18.0716 18.1537 18.0958
1 9.29032 9.29032 9.29032
2 14.1276 14.1266 14.9319
3 15.4302 15.4829 15.6316
4 16.0616 16.0591 16.0616
5 16.5993 16.7287 16.7261
6 16.9799 16.9774 17.1326
7 17.3262 17.4171 17.4192
8 17.6005 17.5813 17.7048
9 17.8569 17.8726 17.872
10 18.0716 18.155 18.1535
1 9.29032 9.29032 9.29032
2 14.1276 14.5444 14.9388
3 15.4302 15.4861 15.6283
4 16.0616 16.3239 16.3215
5 16.5993 16.7243 16.7297
6 16.9799 17.1292 17.1294
7 17.3262 17.4196 17.4206
8 17.6005 17.7062 17.7059
9 17.8569 17.9301 17.9282
10 18.0716 18.0679 18.1532
1 9.29032 9.29032 9.25967
2 14.1276 14.5435 14.9406
3 15.4302 15.6262 15.6273
4 16.0616 16.0595 16.0599
5 16.5993 16.634 16.7262
6 16.9799 17.1284 16.9785
7 17.3262 17.4198 17.4155
8 17.6005 17.5967 17.7066
9 17.8569 17.9282 17.93
10 18.0716 18.151 18.151
1 9.29032 9.29032 9.29032
2 14.1276 14.1266 14.9366
3 15.4302 15.6262 15.634
4 16.0616 16.3242 16.3215
5 16.5993 16.7284 16.7258
6 16.9799 17.1334 17.1325
7 17.3262 17.4217 17.4182
8 17.6005 17.6298 17.7074
9 17.8569 17.9274 17.85
10 18.0716 18.0583 18.1503
1 9.29032 9.29032 9.29032
2 14.1276 14.1266 14.1266
3 15.4302 15.4833 15.427
4 16.0616 16.1583 16.3245
5 16.5993 16.7293 16.7234
6 16.9799 16.977 17.1299
7 17.3262 17.4194 17.4141
8 17.6005 17.7038 17.7028
9 17.8569 17.9299 17.932
10 18.0716 18.0917 18.1501
1 9.29032 9.29032 9.29032
2 14.1276 14.1266 14.9427
3 15.4302 15.4856 15.6339
4 16.0616 16.3172 16.3215
5 16.5993 16.7304 16.7309
6 16.9799 17.1338 17.1292
7 17.3262 17.4214 17.4196
8 17.6005 17.7079 17.581
9 17.8569 17.9271 17.9309
10 18.0716 18.151 18.1536
